<?xml version="1.0" encoding="UTF-8"?>
<testng-results skipped="0" failed="0" ignored="0" total="2" passed="2">
  <reporter-output>
  </reporter-output>
  <suite name="SeleniumProject01" duration-ms="48560" started-at="2020-12-30T22:12:56 BDT" finished-at="2020-12-30T22:13:44 BDT">
    <groups>
    </groups>
    <test name="LoginModule" duration-ms="43507" started-at="2020-12-30T22:12:56 BDT" finished-at="2020-12-30T22:13:39 BDT">
      <class name="com.bitm.SeleniumProject01.Test01.LoginTest">
        <test-method status="PASS" signature="logintest()[pri:0, instance:com.bitm.SeleniumProject01.Test01.LoginTest@30b8a058]" name="logintest" duration-ms="43348" started-at="2020-12-30T22:12:56 BDT" finished-at="2020-12-30T22:13:39 BDT">
          <reporter-output>
          </reporter-output>
        </test-method> <!-- logintest -->
      </class> <!-- com.bitm.SeleniumProject01.Test01.LoginTest -->
    </test> <!-- LoginModule -->
    <test name="AssignLeaveModule" duration-ms="4889" started-at="2020-12-30T22:13:40 BDT" finished-at="2020-12-30T22:13:44 BDT">
      <class name="com.bitm.SeleniumProject01.Test01.AssignLeave">
        <test-method status="PASS" signature="assignLeaveTest()[pri:0, instance:com.bitm.SeleniumProject01.Test01.AssignLeave@74650e52]" name="assignLeaveTest" duration-ms="4879" started-at="2020-12-30T22:13:40 BDT" finished-at="2020-12-30T22:13:44 BDT">
          <reporter-output>
          </reporter-output>
        </test-method> <!-- assignLeaveTest -->
      </class> <!-- com.bitm.SeleniumProject01.Test01.AssignLeave -->
    </test> <!-- AssignLeaveModule -->
  </suite> <!-- SeleniumProject01 -->
</testng-results>
